s000001,01/01/2022,in2,A
s000001,02/01/2022,in2,R
s000001,03/01/2022,in2,19
s000001,03/01/2022,scA,19
s000001,03/02/2022,ch1,27
s000001,03/02/2022,scO,30
s000001,03/02/2022,scM,30
s000002,01/01/2022,in2,A
s000002,02/01/2022,in2,R
s000002,02/01/2022,scZ,30
s000002,02/01/2022,scA,20
s000002,02/01/2022,scB,20
s000002,02/01/2022,fi2,20
s000003,01/01/2022,in2,A
s000003,02/01/2022,in2,R
s000003,02/01/2022,in1,30
s000003,02/01/2022,am1,20
s000003,02/01/2022,fi2,20
s000004,01/01/2022,in2,A
s000004,02/01/2022,in2,R
s000004,02/01/2022,in1,30
s000004,02/01/2022,am1,20
s000004,10/01/2022,scZ,30
s000005,01/01/2022,in2,A
s000005,02/01/2022,in2,R
s000005,05/01/2022,fi1,R
